<?xml version="1.0" encoding="UTF-8"?>
<!-- Generated by org.testng.reporters.JUnitReportReporter -->
<testsuite hostname="DESKTOP-C87K6JS" failures="0" tests="1" name="org.Testcase.DemoTestCase" time="3.084" errors="0" timestamp="2023-06-07T12:29:53 IST" skipped="0">
  <testcase classname="org.Testcase.DemoTestCase" name="scenarioDemo" time="3.084"/>
  <system-out/>
</testsuite> <!-- org.Testcase.DemoTestCase -->
