<?xml version="1.0" encoding="UTF-8"?>
<!-- Generated by org.testng.reporters.JUnitReportReporter -->
<testsuite hostname="DESKTOP-C87K6JS" failures="0" tests="1" name="org.Testcase.TestCase1" time="2.113" errors="0" timestamp="2023-06-06T17:04:31 IST" skipped="0">
  <testcase classname="org.Testcase.TestCase1" name="scenario1" time="2.113"/>
  <system-out/>
</testsuite> <!-- org.Testcase.TestCase1 -->
