<?xml version="1.0" encoding="UTF-8"?>
<!-- Generated by org.testng.reporters.JUnitReportReporter -->
<testsuite hostname="DESKTOP-C87K6JS" failures="0" tests="2" name="Selenium.Testng" time="0.010" errors="0" timestamp="2023-06-06T16:56:06 IST" skipped="0">
  <testcase classname="Selenium.Testng" name="testScenario1" time="0.001"/>
  <system-out/>
  <testcase classname="Selenium.Testng" name="testScenario" time="0.009"/>
  <system-out/>
</testsuite> <!-- Selenium.Testng -->
